# JRE version: OpenJDK Runtime Environment (8.0_202-b03) (build 1.8.0_202-release-1483-b03)
# Java VM: OpenJDK 64-Bit Server VM (25.202-b03 mixed mode windows-amd64 compressed oops)
Heap:
 PSYoungGen      total 110080K, used 25626K [0x00000000e0000000, 0x00000000e9480000, 0x0000000100000000)
  eden space 92672K, 27% used [0x00000000e0000000,0x00000000e1906a58,0x00000000e5a80000)
  from space 17408K, 0% used [0x00000000e6c80000,0x00000000e6c80000,0x00000000e7d80000)
  to   space 18432K, 0% used [0x00000000e5a80000,0x00000000e5a80000,0x00000000e6c80000)
 ParOldGen       total 125952K, used 28719K [0x00000000a0000000, 0x00000000a7b00000, 0x00000000e0000000)
  object space 125952K, 22% used [0x00000000a0000000,0x00000000a1c0bd68,0x00000000a7b00000)
 Metaspace       used 58577K, capacity 60640K, committed 60840K, reserved 1101824K
  class space    used 8019K, capacity 8499K, committed 8616K, reserved 1048576K
GC Heap History (10 events):
Event: 40.771 GC heap before
{Heap before GC invocations=15 (full 2):
 PSYoungGen      total 74752K, used 71505K [0x00000000e0000000, 0x00000000e5400000, 0x0000000100000000)
  eden space 63488K, 100% used [0x00000000e0000000,0x00000000e3e00000,0x00000000e3e00000)
  from space 11264K, 71% used [0x00000000e4900000,0x00000000e50d4748,0x00000000e5400000)
  to   space 11264K, 0% used [0x00000000e3e00000,0x00000000e3e00000,0x00000000e4900000)
 ParOldGen       total 104448K, used 15856K [0x00000000a0000000, 0x00000000a6600000, 0x00000000e0000000)
  object space 104448K, 15% used [0x00000000a0000000,0x00000000a0f7c0f8,0x00000000a6600000)
 Metaspace       used 45393K, capacity 46420K, committed 46632K, reserved 1089536K
  class space    used 6125K, capacity 6415K, committed 6440K, reserved 1048576K
Event: 40.795 GC heap after
Heap after GC invocations=15 (full 2):
 PSYoungGen      total 74752K, used 10360K [0x00000000e0000000, 0x00000000e6300000, 0x0000000100000000)
  eden space 63488K, 0% used [0x00000000e0000000,0x00000000e0000000,0x00000000e3e00000)
  from space 11264K, 91% used [0x00000000e3e00000,0x00000000e481e290,0x00000000e4900000)
  to   space 11776K, 0% used [0x00000000e5780000,0x00000000e5780000,0x00000000e6300000)
 ParOldGen       total 104448K, used 15864K [0x00000000a0000000, 0x00000000a6600000, 0x00000000e0000000)
  object space 104448K, 15% used [0x00000000a0000000,0x00000000a0f7e0f8,0x00000000a6600000)
 Metaspace       used 45393K, capacity 46420K, committed 46632K, reserved 1089536K
  class space    used 6125K, capacity 6415K, committed 6440K, reserved 1048576K
}
Event: 44.393 GC heap before
{Heap before GC invocations=16 (full 2):
 PSYoungGen      total 74752K, used 73848K [0x00000000e0000000, 0x00000000e6300000, 0x0000000100000000)
  eden space 63488K, 100% used [0x00000000e0000000,0x00000000e3e00000,0x00000000e3e00000)
  from space 11264K, 91% used [0x00000000e3e00000,0x00000000e481e290,0x00000000e4900000)
  to   space 11776K, 0% used [0x00000000e5780000,0x00000000e5780000,0x00000000e6300000)
 ParOldGen       total 104448K, used 15864K [0x00000000a0000000, 0x00000000a6600000, 0x00000000e0000000)
  object space 104448K, 15% used [0x00000000a0000000,0x00000000a0f7e0f8,0x00000000a6600000)
 Metaspace       used 51561K, capacity 52956K, committed 53288K, reserved 1095680K
  class space    used 6988K, capacity 7383K, committed 7464K, reserved 1048576K
Event: 44.429 GC heap after
Heap after GC invocations=16 (full 2):
 PSYoungGen      total 87040K, used 11760K [0x00000000e0000000, 0x00000000e6a00000, 0x0000000100000000)
  eden space 75264K, 0% used [0x00000000e0000000,0x00000000e0000000,0x00000000e4980000)
  from space 11776K, 99% used [0x00000000e5780000,0x00000000e62fc3d8,0x00000000e6300000)
  to   space 14336K, 0% used [0x00000000e4980000,0x00000000e4980000,0x00000000e5780000)
 ParOldGen       total 104448K, used 19500K [0x00000000a0000000, 0x00000000a6600000, 0x00000000e0000000)
  object space 104448K, 18% used [0x00000000a0000000,0x00000000a130b208,0x00000000a6600000)
 Metaspace       used 51561K, capacity 52956K, committed 53288K, reserved 1095680K
  class space    used 6988K, capacity 7383K, committed 7464K, reserved 1048576K
}
Event: 48.522 GC heap before
{Heap before GC invocations=17 (full 2):
 PSYoungGen      total 87040K, used 87024K [0x00000000e0000000, 0x00000000e6a00000, 0x0000000100000000)
  eden space 75264K, 100% used [0x00000000e0000000,0x00000000e4980000,0x00000000e4980000)
  from space 11776K, 99% used [0x00000000e5780000,0x00000000e62fc3d8,0x00000000e6300000)
  to   space 14336K, 0% used [0x00000000e4980000,0x00000000e4980000,0x00000000e5780000)
 ParOldGen       total 104448K, used 19500K [0x00000000a0000000, 0x00000000a6600000, 0x00000000e0000000)
  object space 104448K, 18% used [0x00000000a0000000,0x00000000a130b208,0x00000000a6600000)
 Metaspace       used 57340K, capacity 58964K, committed 59160K, reserved 1099776K
  class space    used 7797K, capacity 8187K, committed 8232K, reserved 1048576K
Event: 48.542 GC heap after
Heap after GC invocations=17 (full 2):
 PSYoungGen      total 89600K, used 14309K [0x00000000e0000000, 0x00000000e7d80000, 0x0000000100000000)
  eden space 75264K, 0% used [0x00000000e0000000,0x00000000e0000000,0x00000000e4980000)
  from space 14336K, 99% used [0x00000000e4980000,0x00000000e57797c0,0x00000000e5780000)
  to   space 17408K, 0% used [0x00000000e6c80000,0x00000000e6c80000,0x00000000e7d80000)
 ParOldGen       total 104448K, used 22816K [0x00000000a0000000, 0x00000000a6600000, 0x00000000e0000000)
  object space 104448K, 21% used [0x00000000a0000000,0x00000000a16482b0,0x00000000a6600000)
 Metaspace       used 57340K, capacity 58964K, committed 59160K, reserved 1099776K
  class space    used 7797K, capacity 8187K, committed 8232K, reserved 1048576K
}
Event: 48.602 GC heap before
{Heap before GC invocations=18 (full 2):
 PSYoungGen      total 89600K, used 18728K [0x00000000e0000000, 0x00000000e7d80000, 0x0000000100000000)
  eden space 75264K, 5% used [0x00000000e0000000,0x00000000e0450ba8,0x00000000e4980000)
  from space 14336K, 99% used [0x00000000e4980000,0x00000000e57797c0,0x00000000e5780000)
  to   space 17408K, 0% used [0x00000000e6c80000,0x00000000e6c80000,0x00000000e7d80000)
 ParOldGen       total 104448K, used 22816K [0x00000000a0000000, 0x00000000a6600000, 0x00000000e0000000)
  object space 104448K, 21% used [0x00000000a0000000,0x00000000a16482b0,0x00000000a6600000)
 Metaspace       used 57576K, capacity 59128K, committed 59160K, reserved 1099776K
  class space    used 7837K, capacity 8219K, committed 8232K, reserved 1048576K
Event: 48.618 GC heap after
Heap after GC invocations=18 (full 2):
 PSYoungGen      total 110080K, used 14336K [0x00000000e0000000, 0x00000000e9480000, 0x0000000100000000)
  eden space 92672K, 0% used [0x00000000e0000000,0x00000000e0000000,0x00000000e5a80000)
  from space 17408K, 82% used [0x00000000e6c80000,0x00000000e7a80108,0x00000000e7d80000)
  to   space 18432K, 0% used [0x00000000e5a80000,0x00000000e5a80000,0x00000000e6c80000)
 ParOldGen       total 104448K, used 22824K [0x00000000a0000000, 0x00000000a6600000, 0x00000000e0000000)
  object space 104448K, 21% used [0x00000000a0000000,0x00000000a164a2b0,0x00000000a6600000)
 Metaspace       used 57576K, capacity 59128K, committed 59160K, reserved 1099776K
  class space    used 7837K, capacity 8219K, committed 8232K, reserved 1048576K
}
Event: 48.618 GC heap before
{Heap before GC invocations=19 (full 3):
 PSYoungGen      total 110080K, used 14336K [0x00000000e0000000, 0x00000000e9480000, 0x0000000100000000)
  eden space 92672K, 0% used [0x00000000e0000000,0x00000000e0000000,0x00000000e5a80000)
  from space 17408K, 82% used [0x00000000e6c80000,0x00000000e7a80108,0x00000000e7d80000)
  to   space 18432K, 0% used [0x00000000e5a80000,0x00000000e5a80000,0x00000000e6c80000)
 ParOldGen       total 104448K, used 22824K [0x00000000a0000000, 0x00000000a6600000, 0x00000000e0000000)
  object space 104448K, 21% used [0x00000000a0000000,0x00000000a164a2b0,0x00000000a6600000)
 Metaspace       used 57576K, capacity 59128K, committed 59160K, reserved 1099776K
  class space    used 7837K, capacity 8219K, committed 8232K, reserved 1048576K
Event: 48.904 GC heap after
Heap after GC invocations=19 (full 3):
 PSYoungGen      total 110080K, used 0K [0x00000000e0000000, 0x00000000e9480000, 0x0000000100000000)
  eden space 92672K, 0% used [0x00000000e0000000,0x00000000e0000000,0x00000000e5a80000)
  from space 17408K, 0% used [0x00000000e6c80000,0x00000000e6c80000,0x00000000e7d80000)
  to   space 18432K, 0% used [0x00000000e5a80000,0x00000000e5a80000,0x00000000e6c80000)
 ParOldGen       total 125952K, used 28719K [0x00000000a0000000, 0x00000000a7b00000, 0x00000000e0000000)
  object space 125952K, 22% used [0x00000000a0000000,0x00000000a1c0bd68,0x00000000a7b00000)
 Metaspace       used 57576K, capacity 59128K, committed 59160K, reserved 1099776K
  class space    used 7837K, capacity 8219K, committed 8232K, reserved 1048576K
}

